行 179: 属性 Picture 在 cmdDel 中不能被设置。
行 191: 属性 Picture 在 cmdMod 中不能被设置。
行 202: 属性 Picture 在 Command3 中不能被设置。
行 212: 属性 Picture 在 cmdSave 中不能被设置。
行 464: 属性 Bindings 在 dtgSale 中不能被设置。
行 704: 属性 Bindings 在 dtgYj 中不能被设置。
行 951: 属性 Bindings 在 dtgZj 中不能被设置。
行 1394: 属性 Bindings 在 dtgGzb 中不能被设置。
行 1910: 属性 List 在 comQy 中不能被设置。
行 1910: 属性 ItemData 在 comQy 中不能被设置。
行 2723: 属性 Bindings 在 dtgLj 中不能被设置。
行 2906: 属性 Bindings 在 dtgKu 中不能被设置。
行 3153: 属性 Bindings 在 DataGrid1 中不能被设置。
行 3394: 属性 Bindings 在 DataGrid2 中不能被设置。
行 179: 属性 Picture 在 cmdDel 中不能被设置。
行 191: 属性 Picture 在 cmdMod 中不能被设置。
行 202: 属性 Picture 在 Command3 中不能被设置。
行 212: 属性 Picture 在 cmdSave 中不能被设置。
行 464: 属性 Bindings 在 dtgSale 中不能被设置。
行 704: 属性 Bindings 在 dtgYj 中不能被设置。
行 951: 属性 Bindings 在 dtgZj 中不能被设置。
行 1394: 属性 Bindings 在 dtgGzb 中不能被设置。
行 1910: 属性 List 在 comQy 中不能被设置。
行 1910: 属性 ItemData 在 comQy 中不能被设置。
行 2723: 属性 Bindings 在 dtgLj 中不能被设置。
行 2906: 属性 Bindings 在 dtgKu 中不能被设置。
行 3153: 属性 Bindings 在 DataGrid1 中不能被设置。
行 3394: 属性 Bindings 在 DataGrid2 中不能被设置。
