行 54: 控件 tabKh 的类 TabDlg.SSTab 不是一个已加载的控件类。
行 353: 控件 dtpSr 的类 MSComCtl2.DTPicker 不是一个已加载的控件类。
行 921: 控件 comXyxz 的类 MSDataListLib.DataCombo 不是一个已加载的控件类。
行 932: 控件 comQy 的类 MSDataListLib.DataCombo 不是一个已加载的控件类。
行 1033: 控件 dtpC 的类 MSComCtl2.DTPicker 不是一个已加载的控件类。
行 1063: 控件 dtgG 的类 MSDataGridLib.DataGrid 不是一个已加载的控件类。
行 1204: 控件 dtgF 的类 MSDataGridLib.DataGrid 不是一个已加载的控件类。
行 1345: 控件 dtgE 的类 MSDataGridLib.DataGrid 不是一个已加载的控件类。
行 1487: 控件 dtgD 的类 MSDataGridLib.DataGrid 不是一个已加载的控件类。
行 1660: 控件 dtGC 的类 MSDataGridLib.DataGrid 不是一个已加载的控件类。
行 1833: 控件 dtgB 的类 MSDataGridLib.DataGrid 不是一个已加载的控件类。
行 2006: 控件 dtgA 的类 MSDataGridLib.DataGrid 不是一个已加载的控件类。
行 2180: 控件 dtgRen 的类 MSDataGridLib.DataGrid 不是一个已加载的控件类。
行 2248: 控件 adoRen 的类 MSAdodcLib.Adodc 不是一个已加载的控件类。
行 2295: 控件 SSTab1 的类 TabDlg.SSTab 不是一个已加载的控件类。
行 2552: 控件 adoA 的类 MSAdodcLib.Adodc 不是一个已加载的控件类。
行 2615: 控件 DTPicker2 的类 MSComCtl2.DTPicker 不是一个已加载的控件类。
行 2628: 控件 DTPicker1 的类 MSComCtl2.DTPicker 不是一个已加载的控件类。
行 2649: 控件 adoB 的类 MSAdodcLib.Adodc 不是一个已加载的控件类。
行 2696: 控件 adoC 的类 MSAdodcLib.Adodc 不是一个已加载的控件类。
行 2743: 控件 adoD 的类 MSAdodcLib.Adodc 不是一个已加载的控件类。
行 2790: 控件 adoE 的类 MSAdodcLib.Adodc 不是一个已加载的控件类。
行 2837: 控件 adoF 的类 MSAdodcLib.Adodc 不是一个已加载的控件类。
行 2884: 控件 adoG 的类 MSAdodcLib.Adodc 不是一个已加载的控件类。
行 60: 属性名 _ExtentX 在 tabKh 中是无效的。
行 61: 属性名 _ExtentY 在 tabKh 中是无效的。
行 62: 属性名 _Version 在 tabKh 中是无效的。
行 63: 属性名 Tabs 在 tabKh 中是无效的。
行 64: 属性名 TabsPerRow 在 tabKh 中是无效的。
行 65: 属性名 TabHeight 在 tabKh 中是无效的。
行 66: 属性名 TabCaption(0) 在 tabKh 中是无效的。
行 67: 属性名 TabPicture(0) 在 tabKh 中是无效的。
行 68: 属性名 Tab(0).ControlEnabled 在 tabKh 中是无效的。
行 69: 属性名 Tab(0).Control(0) 在 tabKh 中是无效的。
行 70: 属性名 Tab(0).Control(0).Enabled 在 tabKh 中是无效的。
行 71: 属性名 Tab(0).Control(1) 在 tabKh 中是无效的。
行 72: 属性名 Tab(0).Control(1).Enabled 在 tabKh 中是无效的。
行 73: 属性名 Tab(0).Control(2) 在 tabKh 中是无效的。
行 74: 属性名 Tab(0).Control(2).Enabled 在 tabKh 中是无效的。
行 75: 属性名 Tab(0).Control(3) 在 tabKh 中是无效的。
行 76: 属性名 Tab(0).Control(3).Enabled 在 tabKh 中是无效的。
行 77: 属性名 Tab(0).Control(4) 在 tabKh 中是无效的。
行 78: 属性名 Tab(0).Control(4).Enabled 在 tabKh 中是无效的。
行 79: 属性名 Tab(0).Control(5) 在 tabKh 中是无效的。
行 80: 属性名 Tab(0).Control(5).Enabled 在 tabKh 中是无效的。
行 81: 属性名 Tab(0).Control(6) 在 tabKh 中是无效的。
行 82: 属性名 Tab(0).Control(6).Enabled 在 tabKh 中是无效的。
行 83: 属性名 Tab(0).Control(7) 在 tabKh 中是无效的。
行 84: 属性名 Tab(0).Control(7).Enabled 在 tabKh 中是无效的。
行 85: 属性名 Tab(0).Control(8) 在 tabKh 中是无效的。
行 86: 属性名 Tab(0).Control(8).Enabled 在 tabKh 中是无效的。
行 87: 属性名 Tab(0).Control(9) 在 tabKh 中是无效的。
行 88: 属性名 Tab(0).Control(9).Enabled 在 tabKh 中是无效的。
行 89: 属性名 Tab(0).Control(10) 在 tabKh 中是无效的。
行 90: 属性名 Tab(0).Control(10).Enabled 在 tabKh 中是无效的。
行 91: 属性名 Tab(0).Control(11) 在 tabKh 中是无效的。
行 92: 属性名 Tab(0).Control(11).Enabled 在 tabKh 中是无效的。
行 93: 属性名 Tab(0).Control(12) 在 tabKh 中是无效的。
行 94: 属性名 Tab(0).Control(12).Enabled 在 tabKh 中是无效的。
行 95: 属性名 Tab(0).Control(13) 在 tabKh 中是无效的。
行 96: 属性名 Tab(0).Control(13).Enabled 在 tabKh 中是无效的。
行 97: 属性名 Tab(0).Control(14) 在 tabKh 中是无效的。
行 98: 属性名 Tab(0).Control(14).Enabled 在 tabKh 中是无效的。
行 99: 属性名 Tab(0).Control(15) 在 tabKh 中是无效的。
行 100: 属性名 Tab(0).Control(15).Enabled 在 tabKh 中是无效的。
行 101: 属性名 Tab(0).Control(16) 在 tabKh 中是无效的。
行 102: 属性名 Tab(0).Control(16).Enabled 在 tabKh 中是无效的。
行 103: 属性名 Tab(0).Control(17) 在 tabKh 中是无效的。
行 104: 属性名 Tab(0).Control(17).Enabled 在 tabKh 中是无效的。
行 105: 属性名 Tab(0).Control(18) 在 tabKh 中是无效的。
行 106: 属性名 Tab(0).Control(18).Enabled 在 tabKh 中是无效的。
行 107: 属性名 Tab(0).Control(19) 在 tabKh 中是无效的。
行 108: 属性名 Tab(0).Control(19).Enabled 在 tabKh 中是无效的。
行 109: 属性名 Tab(0).Control(20) 在 tabKh 中是无效的。
行 110: 属性名 Tab(0).Control(20).Enabled 在 tabKh 中是无效的。
行 111: 属性名 Tab(0).Control(21) 在 tabKh 中是无效的。
行 112: 属性名 Tab(0).Control(21).Enabled 在 tabKh 中是无效的。
行 113: 属性名 Tab(0).Control(22) 在 tabKh 中是无效的。
行 114: 属性名 Tab(0).Control(22).Enabled 在 tabKh 中是无效的。
行 115: 属性名 Tab(0).Control(23) 在 tabKh 中是无效的。
行 116: 属性名 Tab(0).Control(23).Enabled 在 tabKh 中是无效的。
行 117: 属性名 Tab(0).Control(24) 在 tabKh 中是无效的。
行 118: 属性名 Tab(0).Control(24).Enabled 在 tabKh 中是无效的。
行 119: 属性名 Tab(0).Control(25) 在 tabKh 中是无效的。
行 120: 属性名 Tab(0).Control(25).Enabled 在 tabKh 中是无效的。
行 121: 属性名 Tab(0).Control(26) 在 tabKh 中是无效的。
行 122: 属性名 Tab(0).Control(26).Enabled 在 tabKh 中是无效的。
行 123: 属性名 Tab(0).Control(27) 在 tabKh 中是无效的。
行 124: 属性名 Tab(0).Control(27).Enabled 在 tabKh 中是无效的。
行 125: 属性名 Tab(0).Control(28) 在 tabKh 中是无效的。
行 126: 属性名 Tab(0).Control(28).Enabled 在 tabKh 中是无效的。
行 127: 属性名 Tab(0).Control(29) 在 tabKh 中是无效的。
行 128: 属性名 Tab(0).Control(29).Enabled 在 tabKh 中是无效的。
行 129: 属性名 Tab(0).Control(30) 在 tabKh 中是无效的。
行 130: 属性名 Tab(0).Control(30).Enabled 在 tabKh 中是无效的。
行 131: 属性名 Tab(0).Control(31) 在 tabKh 中是无效的。
行 132: 属性名 Tab(0).Control(31).Enabled 在 tabKh 中是无效的。
行 133: 属性名 Tab(0).Control(32) 在 tabKh 中是无效的。
行 134: 属性名 Tab(0).Control(32).Enabled 在 tabKh 中是无效的。
行 135: 属性名 Tab(0).Control(33) 在 tabKh 中是无效的。
行 136: 属性名 Tab(0).Control(33).Enabled 在 tabKh 中是无效的。
行 137: 属性名 Tab(0).Control(34) 在 tabKh 中是无效的。
行 138: 属性名 Tab(0).Control(34).Enabled 在 tabKh 中是无效的。
行 139: 属性名 Tab(0).Control(35) 在 tabKh 中是无效的。
行 140: 属性名 Tab(0).Control(35).Enabled 在 tabKh 中是无效的。
行 141: 属性名 Tab(0).Control(36) 在 tabKh 中是无效的。
行 142: 属性名 Tab(0).Control(36).Enabled 在 tabKh 中是无效的。
行 143: 属性名 Tab(0).Control(37) 在 tabKh 中是无效的。
行 144: 属性名 Tab(0).Control(37).Enabled 在 tabKh 中是无效的。
行 145: 属性名 Tab(0).Control(38) 在 tabKh 中是无效的。
行 146: 属性名 Tab(0).Control(38).Enabled 在 tabKh 中是无效的。
行 147: 属性名 Tab(0).Control(39) 在 tabKh 中是无效的。
行 148: 属性名 Tab(0).Control(39).Enabled 在 tabKh 中是无效的。
行 149: 属性名 Tab(0).Control(40) 在 tabKh 中是无效的。
行 150: 属性名 Tab(0).Control(40).Enabled 在 tabKh 中是无效的。
行 151: 属性名 Tab(0).Control(41) 在 tabKh 中是无效的。
行 152: 属性名 Tab(0).Control(41).Enabled 在 tabKh 中是无效的。
行 153: 属性名 Tab(0).Control(42) 在 tabKh 中是无效的。
行 154: 属性名 Tab(0).Control(42).Enabled 在 tabKh 中是无效的。
行 155: 属性名 Tab(0).Control(43) 在 tabKh 中是无效的。
行 156: 属性名 Tab(0).Control(43).Enabled 在 tabKh 中是无效的。
行 157: 属性名 Tab(0).Control(44) 在 tabKh 中是无效的。
行 158: 属性名 Tab(0).Control(44).Enabled 在 tabKh 中是无效的。
行 159: 属性名 Tab(0).Control(45) 在 tabKh 中是无效的。
行 160: 属性名 Tab(0).Control(45).Enabled 在 tabKh 中是无效的。
行 161: 属性名 Tab(0).Control(46) 在 tabKh 中是无效的。
行 162: 属性名 Tab(0).Control(46).Enabled 在 tabKh 中是无效的。
行 163: 属性名 Tab(0).Control(47) 在 tabKh 中是无效的。
行 164: 属性名 Tab(0).Control(47).Enabled 在 tabKh 中是无效的。
行 165: 属性名 Tab(0).Control(48) 在 tabKh 中是无效的。
行 166: 属性名 Tab(0).Control(48).Enabled 在 tabKh 中是无效的。
行 167: 属性名 Tab(0).Control(49) 在 tabKh 中是无效的。
行 168: 属性名 Tab(0).Control(49).Enabled 在 tabKh 中是无效的。
行 169: 属性名 Tab(0).Control(50) 在 tabKh 中是无效的。
行 170: 属性名 Tab(0).Control(50).Enabled 在 tabKh 中是无效的。
行 171: 属性名 Tab(0).Control(51) 在 tabKh 中是无效的。
行 172: 属性名 Tab(0).Control(51).Enabled 在 tabKh 中是无效的。
行 173: 属性名 Tab(0).Control(52) 在 tabKh 中是无效的。
行 174: 属性名 Tab(0).Control(52).Enabled 在 tabKh 中是无效的。
行 175: 属性名 Tab(0).Control(53) 在 tabKh 中是无效的。
行 176: 属性名 Tab(0).Control(53).Enabled 在 tabKh 中是无效的。
行 177: 属性名 Tab(0).Control(54) 在 tabKh 中是无效的。
行 178: 属性名 Tab(0).Control(54).Enabled 在 tabKh 中是无效的。
行 179: 属性名 Tab(0).Control(55) 在 tabKh 中是无效的。
行 180: 属性名 Tab(0).Control(55).Enabled 在 tabKh 中是无效的。
行 181: 属性名 Tab(0).Control(56) 在 tabKh 中是无效的。
行 182: 属性名 Tab(0).Control(56).Enabled 在 tabKh 中是无效的。
行 183: 属性名 Tab(0).Control(57) 在 tabKh 中是无效的。
行 184: 属性名 Tab(0).Control(57).Enabled 在 tabKh 中是无效的。
行 185: 属性名 Tab(0).Control(58) 在 tabKh 中是无效的。
行 186: 属性名 Tab(0).Control(58).Enabled 在 tabKh 中是无效的。
行 187: 属性名 Tab(0).Control(59) 在 tabKh 中是无效的。
行 188: 属性名 Tab(0).Control(59).Enabled 在 tabKh 中是无效的。
行 189: 属性名 Tab(0).Control(60) 在 tabKh 中是无效的。
行 190: 属性名 Tab(0).Control(60).Enabled 在 tabKh 中是无效的。
行 191: 属性名 Tab(0).ControlCount 在 tabKh 中是无效的。
行 192: 属性名 TabCaption(1) 在 tabKh 中是无效的。
行 193: 属性名 TabPicture(1) 在 tabKh 中是无效的。
行 194: 属性名 Tab(1).ControlEnabled 在 tabKh 中是无效的。
行 195: 属性名 Tab(1).Control(0) 在 tabKh 中是无效的。
行 196: 属性名 Tab(1).Control(0).Enabled 在 tabKh 中是无效的。
行 197: 属性名 Tab(1).Control(1) 在 tabKh 中是无效的。
行 198: 属性名 Tab(1).Control(1).Enabled 在 tabKh 中是无效的。
行 199: 属性名 Tab(1).Control(2) 在 tabKh 中是无效的。
行 200: 属性名 Tab(1).Control(2).Enabled 在 tabKh 中是无效的。
行 201: 属性名 Tab(1).Control(3) 在 tabKh 中是无效的。
行 202: 属性名 Tab(1).Control(3).Enabled 在 tabKh 中是无效的。
行 203: 属性名 Tab(1).Control(4) 在 tabKh 中是无效的。
行 204: 属性名 Tab(1).Control(4).Enabled 在 tabKh 中是无效的。
行 205: 属性名 Tab(1).Control(5) 在 tabKh 中是无效的。
行 206: 属性名 Tab(1).Control(5).Enabled 在 tabKh 中是无效的。
行 207: 属性名 Tab(1).Control(6) 在 tabKh 中是无效的。
行 208: 属性名 Tab(1).Control(6).Enabled 在 tabKh 中是无效的。
行 209: 属性名 Tab(1).Control(7) 在 tabKh 中是无效的。
行 210: 属性名 Tab(1).Control(7).Enabled 在 tabKh 中是无效的。
行 211: 属性名 Tab(1).Control(8) 在 tabKh 中是无效的。
行 212: 属性名 Tab(1).Control(8).Enabled 在 tabKh 中是无效的。
行 213: 属性名 Tab(1).Control(9) 在 tabKh 中是无效的。
行 214: 属性名 Tab(1).Control(9).Enabled 在 tabKh 中是无效的。
行 215: 属性名 Tab(1).ControlCount 在 tabKh 中是无效的。
行 359: 属性名 _ExtentX 在 dtpSr 中是无效的。
行 360: 属性名 _ExtentY 在 dtpSr 中是无效的。
行 361: 属性名 _Version 在 dtpSr 中是无效的。
行 362: 属性名 Format 在 dtpSr 中是无效的。
行 363: 属性名 CurrentDate 在 dtpSr 中是无效的。
行 927: 属性名 _ExtentX 在 comXyxz 中是无效的。
行 928: 属性名 _ExtentY 在 comXyxz 中是无效的。
行 929: 属性名 _Version 在 comXyxz 中是无效的。
行 930: 属性名 Text 在 comXyxz 中是无效的。
行 938: 属性名 _ExtentX 在 comQy 中是无效的。
行 939: 属性名 _ExtentY 在 comQy 中是无效的。
行 940: 属性名 _Version 在 comQy 中是无效的。
行 941: 属性名 Text 在 comQy 中是无效的。
行 1039: 属性名 _ExtentX 在 dtpC 中是无效的。
行 1040: 属性名 _ExtentY 在 dtpC 中是无效的。
行 1041: 属性名 _Version 在 dtpC 中是无效的。
行 1042: 属性名 Format 在 dtpC 中是无效的。
行 1043: 属性名 CurrentDate 在 dtpC 中是无效的。
行 1064: 属性名 Bindings 在 dtgG 中是无效的。
行 1070: 属性名 _ExtentX 在 dtgG 中是无效的。
行 1071: 属性名 _ExtentY 在 dtgG 中是无效的。
行 1072: 属性名 _Version 在 dtgG 中是无效的。
行 1073: 属性名 AllowArrows 在 dtgG 中是无效的。
行 1074: 属性名 HeadLines 在 dtgG 中是无效的。
行 1075: 属性名 RowHeight 在 dtgG 中是无效的。
行 1076: 属性名 WrapCellPointer 在 dtgG 中是无效的。
行 1077: 属性名 FormatLocked 在 dtgG 中是无效的。
行 1086: 属性名 HeadFont 在 dtgG 中是无效的。
行 1096: 属性名 ColumnCount 在 dtgG 中是无效的。
行 1109: 属性名 Column00 在 dtgG 中是无效的。
行 1122: 属性名 Column01 在 dtgG 中是无效的。
行 1135: 属性名 Column02 在 dtgG 中是无效的。
行 1148: 属性名 Column03 在 dtgG 中是无效的。
行 1161: 属性名 Column04 在 dtgG 中是无效的。
行 1177: 属性名 Column05 在 dtgG 中是无效的。
行 1178: 属性名 SplitCount 在 dtgG 中是无效的。
行 1202: 属性名 Split0 在 dtgG 中是无效的。
行 1205: 属性名 Bindings 在 dtgF 中是无效的。
行 1211: 属性名 _ExtentX 在 dtgF 中是无效的。
行 1212: 属性名 _ExtentY 在 dtgF 中是无效的。
行 1213: 属性名 _Version 在 dtgF 中是无效的。
行 1214: 属性名 AllowArrows 在 dtgF 中是无效的。
行 1215: 属性名 HeadLines 在 dtgF 中是无效的。
行 1216: 属性名 RowHeight 在 dtgF 中是无效的。
行 1217: 属性名 WrapCellPointer 在 dtgF 中是无效的。
行 1218: 属性名 FormatLocked 在 dtgF 中是无效的。
行 1227: 属性名 HeadFont 在 dtgF 中是无效的。
行 1237: 属性名 ColumnCount 在 dtgF 中是无效的。
行 1250: 属性名 Column00 在 dtgF 中是无效的。
行 1263: 属性名 Column01 在 dtgF 中是无效的。
行 1276: 属性名 Column02 在 dtgF 中是无效的。
行 1289: 属性名 Column03 在 dtgF 中是无效的。
行 1302: 属性名 Column04 在 dtgF 中是无效的。
行 1318: 属性名 Column05 在 dtgF 中是无效的。
行 1319: 属性名 SplitCount 在 dtgF 中是无效的。
行 1343: 属性名 Split0 在 dtgF 中是无效的。
行 1346: 属性名 Bindings 在 dtgE 中是无效的。
行 1352: 属性名 _ExtentX 在 dtgE 中是无效的。
行 1353: 属性名 _ExtentY 在 dtgE 中是无效的。
行 1354: 属性名 _Version 在 dtgE 中是无效的。
行 1355: 属性名 AllowArrows 在 dtgE 中是无效的。
行 1357: 属性名 HeadLines 在 dtgE 中是无效的。
行 1358: 属性名 RowHeight 在 dtgE 中是无效的。
行 1359: 属性名 WrapCellPointer 在 dtgE 中是无效的。
行 1360: 属性名 FormatLocked 在 dtgE 中是无效的。
行 1369: 属性名 HeadFont 在 dtgE 中是无效的。
行 1379: 属性名 ColumnCount 在 dtgE 中是无效的。
行 1392: 属性名 Column00 在 dtgE 中是无效的。
行 1405: 属性名 Column01 在 dtgE 中是无效的。
行 1418: 属性名 Column02 在 dtgE 中是无效的。
行 1431: 属性名 Column03 在 dtgE 中是无效的。
行 1444: 属性名 Column04 在 dtgE 中是无效的。
行 1460: 属性名 Column05 在 dtgE 中是无效的。
行 1461: 属性名 SplitCount 在 dtgE 中是无效的。
行 1485: 属性名 Split0 在 dtgE 中是无效的。
行 1488: 属性名 Bindings 在 dtgD 中是无效的。
行 1494: 属性名 _ExtentX 在 dtgD 中是无效的。
行 1495: 属性名 _ExtentY 在 dtgD 中是无效的。
行 1496: 属性名 _Version 在 dtgD 中是无效的。
行 1497: 属性名 AllowArrows 在 dtgD 中是无效的。
行 1498: 属性名 HeadLines 在 dtgD 中是无效的。
行 1499: 属性名 RowHeight 在 dtgD 中是无效的。
行 1500: 属性名 WrapCellPointer 在 dtgD 中是无效的。
行 1501: 属性名 FormatLocked 在 dtgD 中是无效的。
行 1510: 属性名 HeadFont 在 dtgD 中是无效的。
行 1520: 属性名 ColumnCount 在 dtgD 中是无效的。
行 1533: 属性名 Column00 在 dtgD 中是无效的。
行 1546: 属性名 Column01 在 dtgD 中是无效的。
行 1559: 属性名 Column02 在 dtgD 中是无效的。
行 1572: 属性名 Column03 在 dtgD 中是无效的。
行 1585: 属性名 Column04 在 dtgD 中是无效的。
行 1598: 属性名 Column05 在 dtgD 中是无效的。
行 1611: 属性名 Column06 在 dtgD 中是无效的。
行 1627: 属性名 Column07 在 dtgD 中是无效的。
行 1628: 属性名 SplitCount 在 dtgD 中是无效的。
行 1658: 属性名 Split0 在 dtgD 中是无效的。
行 1661: 属性名 Bindings 在 dtGC 中是无效的。
行 1667: 属性名 _ExtentX 在 dtGC 中是无效的。
行 1668: 属性名 _ExtentY 在 dtGC 中是无效的。
行 1669: 属性名 _Version 在 dtGC 中是无效的。
行 1670: 属性名 AllowArrows 在 dtGC 中是无效的。
行 1671: 属性名 HeadLines 在 dtGC 中是无效的。
行 1672: 属性名 RowHeight 在 dtGC 中是无效的。
行 1673: 属性名 WrapCellPointer 在 dtGC 中是无效的。
行 1674: 属性名 FormatLocked 在 dtGC 中是无效的。
行 1683: 属性名 HeadFont 在 dtGC 中是无效的。
行 1693: 属性名 ColumnCount 在 dtGC 中是无效的。
行 1706: 属性名 Column00 在 dtGC 中是无效的。
行 1719: 属性名 Column01 在 dtGC 中是无效的。
行 1732: 属性名 Column02 在 dtGC 中是无效的。
行 1745: 属性名 Column03 在 dtGC 中是无效的。
行 1758: 属性名 Column04 在 dtGC 中是无效的。
行 1771: 属性名 Column05 在 dtGC 中是无效的。
行 1784: 属性名 Column06 在 dtGC 中是无效的。
行 1800: 属性名 Column07 在 dtGC 中是无效的。
行 1801: 属性名 SplitCount 在 dtGC 中是无效的。
行 1831: 属性名 Split0 在 dtGC 中是无效的。
行 1834: 属性名 Bindings 在 dtgB 中是无效的。
行 1840: 属性名 _ExtentX 在 dtgB 中是无效的。
行 1841: 属性名 _ExtentY 在 dtgB 中是无效的。
行 1842: 属性名 _Version 在 dtgB 中是无效的。
行 1843: 属性名 AllowArrows 在 dtgB 中是无效的。
行 1844: 属性名 HeadLines 在 dtgB 中是无效的。
行 1845: 属性名 RowHeight 在 dtgB 中是无效的。
行 1846: 属性名 WrapCellPointer 在 dtgB 中是无效的。
行 1847: 属性名 FormatLocked 在 dtgB 中是无效的。
行 1856: 属性名 HeadFont 在 dtgB 中是无效的。
行 1866: 属性名 ColumnCount 在 dtgB 中是无效的。
行 1879: 属性名 Column00 在 dtgB 中是无效的。
行 1892: 属性名 Column01 在 dtgB 中是无效的。
行 1905: 属性名 Column02 在 dtgB 中是无效的。
行 1918: 属性名 Column03 在 dtgB 中是无效的。
行 1931: 属性名 Column04 在 dtgB 中是无效的。
行 1944: 属性名 Column05 在 dtgB 中是无效的。
行 1957: 属性名 Column06 在 dtgB 中是无效的。
行 1973: 属性名 Column07 在 dtgB 中是无效的。
行 1974: 属性名 SplitCount 在 dtgB 中是无效的。
行 2004: 属性名 Split0 在 dtgB 中是无效的。
行 2007: 属性名 Bindings 在 dtgA 中是无效的。
行 2013: 属性名 _ExtentX 在 dtgA 中是无效的。
行 2014: 属性名 _ExtentY 在 dtgA 中是无效的。
行 2015: 属性名 _Version 在 dtgA 中是无效的。
行 2016: 属性名 AllowArrows 在 dtgA 中是无效的。
行 2018: 属性名 HeadLines 在 dtgA 中是无效的。
行 2019: 属性名 RowHeight 在 dtgA 中是无效的。
行 2020: 属性名 WrapCellPointer 在 dtgA 中是无效的。
行 2021: 属性名 FormatLocked 在 dtgA 中是无效的。
行 2030: 属性名 HeadFont 在 dtgA 中是无效的。
行 2040: 属性名 ColumnCount 在 dtgA 中是无效的。
行 2053: 属性名 Column00 在 dtgA 中是无效的。
行 2066: 属性名 Column01 在 dtgA 中是无效的。
行 2079: 属性名 Column02 在 dtgA 中是无效的。
行 2092: 属性名 Column03 在 dtgA 中是无效的。
行 2105: 属性名 Column04 在 dtgA 中是无效的。
行 2118: 属性名 Column05 在 dtgA 中是无效的。
行 2131: 属性名 Column06 在 dtgA 中是无效的。
行 2147: 属性名 Column07 在 dtgA 中是无效的。
行 2148: 属性名 SplitCount 在 dtgA 中是无效的。
行 2178: 属性名 Split0 在 dtgA 中是无效的。
行 2186: 属性名 _ExtentX 在 dtgRen 中是无效的。
行 2187: 属性名 _ExtentY 在 dtgRen 中是无效的。
行 2188: 属性名 _Version 在 dtgRen 中是无效的。
行 2189: 属性名 AllowUpdate 在 dtgRen 中是无效的。
行 2190: 属性名 HeadLines 在 dtgRen 中是无效的。
行 2191: 属性名 RowHeight 在 dtgRen 中是无效的。
行 2192: 属性名 FormatLocked 在 dtgRen 中是无效的。
行 2201: 属性名 HeadFont 在 dtgRen 中是无效的。
行 2211: 属性名 Caption 在 dtgRen 中是无效的。
行 2212: 属性名 ColumnCount 在 dtgRen 中是无效的。
行 2225: 属性名 Column00 在 dtgRen 中是无效的。
行 2238: 属性名 Column01 在 dtgRen 中是无效的。
行 2239: 属性名 SplitCount 在 dtgRen 中是无效的。
行 2246: 属性名 Split0 在 dtgRen 中是无效的。
行 2254: 属性名 _ExtentX 在 adoRen 中是无效的。
行 2255: 属性名 _ExtentY 在 adoRen 中是无效的。
行 2256: 属性名 ConnectMode 在 adoRen 中是无效的。
行 2257: 属性名 CursorLocation 在 adoRen 中是无效的。
行 2258: 属性名 IsolationLevel 在 adoRen 中是无效的。
行 2259: 属性名 ConnectionTimeout 在 adoRen 中是无效的。
行 2260: 属性名 CommandTimeout 在 adoRen 中是无效的。
行 2261: 属性名 CursorType 在 adoRen 中是无效的。
行 2262: 属性名 LockType 在 adoRen 中是无效的。
行 2263: 属性名 CommandType 在 adoRen 中是无效的。
行 2264: 属性名 CursorOptions 在 adoRen 中是无效的。
行 2265: 属性名 CacheSize 在 adoRen 中是无效的。
行 2266: 属性名 MaxRecords 在 adoRen 中是无效的。
行 2267: 属性名 BOFAction 在 adoRen 中是无效的。
行 2268: 属性名 EOFAction 在 adoRen 中是无效的。
行 2269: 属性名 ConnectStringType 在 adoRen 中是无效的。
行 2273: 属性名 Orientation 在 adoRen 中是无效的。
行 2275: 属性名 Connect 在 adoRen 中是无效的。
行 2276: 属性名 OLEDBString 在 adoRen 中是无效的。
行 2277: 属性名 OLEDBFile 在 adoRen 中是无效的。
行 2278: 属性名 DataSourceName 在 adoRen 中是无效的。
行 2279: 属性名 OtherAttributes 在 adoRen 中是无效的。
行 2280: 属性名 UserName 在 adoRen 中是无效的。
行 2281: 属性名 Password 在 adoRen 中是无效的。
行 2282: 属性名 RecordSource 在 adoRen 中是无效的。
行 2283: 属性名 Caption 在 adoRen 中是无效的。
行 2293: 属性名 _Version 在 adoRen 中是无效的。
行 2301: 属性名 _ExtentX 在 SSTab1 中是无效的。
行 2302: 属性名 _ExtentY 在 SSTab1 中是无效的。
行 2303: 属性名 _Version 在 SSTab1 中是无效的。
行 2304: 属性名 Tab 在 SSTab1 中是无效的。
行 2305: 属性名 TabHeight 在 SSTab1 中是无效的。
行 2306: 属性名 TabCaption(0) 在 SSTab1 中是无效的。
行 2307: 属性名 TabPicture(0) 在 SSTab1 中是无效的。
行 2308: 属性名 Tab(0).ControlEnabled 在 SSTab1 中是无效的。
行 2309: 属性名 Tab(0).ControlCount 在 SSTab1 中是无效的。
行 2310: 属性名 TabCaption(1) 在 SSTab1 中是无效的。
行 2311: 属性名 TabPicture(1) 在 SSTab1 中是无效的。
行 2312: 属性名 Tab(1).ControlEnabled 在 SSTab1 中是无效的。
行 2313: 属性名 Tab(1).ControlCount 在 SSTab1 中是无效的。
行 2314: 属性名 TabCaption(2) 在 SSTab1 中是无效的。
行 2315: 属性名 Tab(2).ControlEnabled 在 SSTab1 中是无效的。
行 2316: 属性名 Tab(2).ControlCount 在 SSTab1 中是无效的。
行 2558: 属性名 _ExtentX 在 adoA 中是无效的。
行 2559: 属性名 _ExtentY 在 adoA 中是无效的。
行 2560: 属性名 ConnectMode 在 adoA 中是无效的。
行 2561: 属性名 CursorLocation 在 adoA 中是无效的。
行 2562: 属性名 IsolationLevel 在 adoA 中是无效的。
行 2563: 属性名 ConnectionTimeout 在 adoA 中是无效的。
行 2564: 属性名 CommandTimeout 在 adoA 中是无效的。
行 2565: 属性名 CursorType 在 adoA 中是无效的。
行 2566: 属性名 LockType 在 adoA 中是无效的。
行 2567: 属性名 CommandType 在 adoA 中是无效的。
行 2568: 属性名 CursorOptions 在 adoA 中是无效的。
行 2569: 属性名 CacheSize 在 adoA 中是无效的。
行 2570: 属性名 MaxRecords 在 adoA 中是无效的。
行 2571: 属性名 BOFAction 在 adoA 中是无效的。
行 2572: 属性名 EOFAction 在 adoA 中是无效的。
行 2573: 属性名 ConnectStringType 在 adoA 中是无效的。
行 2577: 属性名 Orientation 在 adoA 中是无效的。
行 2579: 属性名 Connect 在 adoA 中是无效的。
行 2580: 属性名 OLEDBString 在 adoA 中是无效的。
行 2581: 属性名 OLEDBFile 在 adoA 中是无效的。
行 2582: 属性名 DataSourceName 在 adoA 中是无效的。
行 2583: 属性名 OtherAttributes 在 adoA 中是无效的。
行 2584: 属性名 UserName 在 adoA 中是无效的。
行 2585: 属性名 Password 在 adoA 中是无效的。
行 2586: 属性名 RecordSource 在 adoA 中是无效的。
行 2587: 属性名 Caption 在 adoA 中是无效的。
行 2597: 属性名 _Version 在 adoA 中是无效的。
行 2622: 属性名 _ExtentX 在 DTPicker2 中是无效的。
行 2623: 属性名 _ExtentY 在 DTPicker2 中是无效的。
行 2624: 属性名 _Version 在 DTPicker2 中是无效的。
行 2625: 属性名 Format 在 DTPicker2 中是无效的。
行 2626: 属性名 CurrentDate 在 DTPicker2 中是无效的。
行 2635: 属性名 _ExtentX 在 DTPicker1 中是无效的。
行 2636: 属性名 _ExtentY 在 DTPicker1 中是无效的。
行 2637: 属性名 _Version 在 DTPicker1 中是无效的。
行 2638: 属性名 Format 在 DTPicker1 中是无效的。
行 2639: 属性名 CurrentDate 在 DTPicker1 中是无效的。
行 2655: 属性名 _ExtentX 在 adoB 中是无效的。
行 2656: 属性名 _ExtentY 在 adoB 中是无效的。
行 2657: 属性名 ConnectMode 在 adoB 中是无效的。
行 2658: 属性名 CursorLocation 在 adoB 中是无效的。
行 2659: 属性名 IsolationLevel 在 adoB 中是无效的。
行 2660: 属性名 ConnectionTimeout 在 adoB 中是无效的。
行 2661: 属性名 CommandTimeout 在 adoB 中是无效的。
行 2662: 属性名 CursorType 在 adoB 中是无效的。
行 2663: 属性名 LockType 在 adoB 中是无效的。
行 2664: 属性名 CommandType 在 adoB 中是无效的。
行 2665: 属性名 CursorOptions 在 adoB 中是无效的。
行 2666: 属性名 CacheSize 在 adoB 中是无效的。
行 2667: 属性名 MaxRecords 在 adoB 中是无效的。
行 2668: 属性名 BOFAction 在 adoB 中是无效的。
行 2669: 属性名 EOFAction 在 adoB 中是无效的。
行 2670: 属性名 ConnectStringType 在 adoB 中是无效的。
行 2674: 属性名 Orientation 在 adoB 中是无效的。
行 2676: 属性名 Connect 在 adoB 中是无效的。
行 2677: 属性名 OLEDBString 在 adoB 中是无效的。
行 2678: 属性名 OLEDBFile 在 adoB 中是无效的。
行 2679: 属性名 DataSourceName 在 adoB 中是无效的。
行 2680: 属性名 OtherAttributes 在 adoB 中是无效的。
行 2681: 属性名 UserName 在 adoB 中是无效的。
行 2682: 属性名 Password 在 adoB 中是无效的。
行 2683: 属性名 RecordSource 在 adoB 中是无效的。
行 2684: 属性名 Caption 在 adoB 中是无效的。
行 2694: 属性名 _Version 在 adoB 中是无效的。
行 2702: 属性名 _ExtentX 在 adoC 中是无效的。
行 2703: 属性名 _ExtentY 在 adoC 中是无效的。
行 2704: 属性名 ConnectMode 在 adoC 中是无效的。
行 2705: 属性名 CursorLocation 在 adoC 中是无效的。
行 2706: 属性名 IsolationLevel 在 adoC 中是无效的。
行 2707: 属性名 ConnectionTimeout 在 adoC 中是无效的。
行 2708: 属性名 CommandTimeout 在 adoC 中是无效的。
行 2709: 属性名 CursorType 在 adoC 中是无效的。
行 2710: 属性名 LockType 在 adoC 中是无效的。
行 2711: 属性名 CommandType 在 adoC 中是无效的。
行 2712: 属性名 CursorOptions 在 adoC 中是无效的。
行 2713: 属性名 CacheSize 在 adoC 中是无效的。
行 2714: 属性名 MaxRecords 在 adoC 中是无效的。
行 2715: 属性名 BOFAction 在 adoC 中是无效的。
行 2716: 属性名 EOFAction 在 adoC 中是无效的。
行 2717: 属性名 ConnectStringType 在 adoC 中是无效的。
行 2721: 属性名 Orientation 在 adoC 中是无效的。
行 2723: 属性名 Connect 在 adoC 中是无效的。
行 2724: 属性名 OLEDBString 在 adoC 中是无效的。
行 2725: 属性名 OLEDBFile 在 adoC 中是无效的。
行 2726: 属性名 DataSourceName 在 adoC 中是无效的。
行 2727: 属性名 OtherAttributes 在 adoC 中是无效的。
行 2728: 属性名 UserName 在 adoC 中是无效的。
行 2729: 属性名 Password 在 adoC 中是无效的。
行 2730: 属性名 RecordSource 在 adoC 中是无效的。
行 2731: 属性名 Caption 在 adoC 中是无效的。
行 2741: 属性名 _Version 在 adoC 中是无效的。
行 2749: 属性名 _ExtentX 在 adoD 中是无效的。
行 2750: 属性名 _ExtentY 在 adoD 中是无效的。
行 2751: 属性名 ConnectMode 在 adoD 中是无效的。
行 2752: 属性名 CursorLocation 在 adoD 中是无效的。
行 2753: 属性名 IsolationLevel 在 adoD 中是无效的。
行 2754: 属性名 ConnectionTimeout 在 adoD 中是无效的。
行 2755: 属性名 CommandTimeout 在 adoD 中是无效的。
行 2756: 属性名 CursorType 在 adoD 中是无效的。
行 2757: 属性名 LockType 在 adoD 中是无效的。
行 2758: 属性名 CommandType 在 adoD 中是无效的。
行 2759: 属性名 CursorOptions 在 adoD 中是无效的。
行 2760: 属性名 CacheSize 在 adoD 中是无效的。
行 2761: 属性名 MaxRecords 在 adoD 中是无效的。
行 2762: 属性名 BOFAction 在 adoD 中是无效的。
行 2763: 属性名 EOFAction 在 adoD 中是无效的。
行 2764: 属性名 ConnectStringType 在 adoD 中是无效的。
行 2768: 属性名 Orientation 在 adoD 中是无效的。
行 2770: 属性名 Connect 在 adoD 中是无效的。
行 2771: 属性名 OLEDBString 在 adoD 中是无效的。
行 2772: 属性名 OLEDBFile 在 adoD 中是无效的。
行 2773: 属性名 DataSourceName 在 adoD 中是无效的。
行 2774: 属性名 OtherAttributes 在 adoD 中是无效的。
行 2775: 属性名 UserName 在 adoD 中是无效的。
行 2776: 属性名 Password 在 adoD 中是无效的。
行 2777: 属性名 RecordSource 在 adoD 中是无效的。
行 2778: 属性名 Caption 在 adoD 中是无效的。
行 2788: 属性名 _Version 在 adoD 中是无效的。
行 2796: 属性名 _ExtentX 在 adoE 中是无效的。
行 2797: 属性名 _ExtentY 在 adoE 中是无效的。
行 2798: 属性名 ConnectMode 在 adoE 中是无效的。
行 2799: 属性名 CursorLocation 在 adoE 中是无效的。
行 2800: 属性名 IsolationLevel 在 adoE 中是无效的。
行 2801: 属性名 ConnectionTimeout 在 adoE 中是无效的。
行 2802: 属性名 CommandTimeout 在 adoE 中是无效的。
行 2803: 属性名 CursorType 在 adoE 中是无效的。
行 2804: 属性名 LockType 在 adoE 中是无效的。
行 2805: 属性名 CommandType 在 adoE 中是无效的。
行 2806: 属性名 CursorOptions 在 adoE 中是无效的。
行 2807: 属性名 CacheSize 在 adoE 中是无效的。
行 2808: 属性名 MaxRecords 在 adoE 中是无效的。
行 2809: 属性名 BOFAction 在 adoE 中是无效的。
行 2810: 属性名 EOFAction 在 adoE 中是无效的。
行 2811: 属性名 ConnectStringType 在 adoE 中是无效的。
行 2815: 属性名 Orientation 在 adoE 中是无效的。
行 2817: 属性名 Connect 在 adoE 中是无效的。
行 2818: 属性名 OLEDBString 在 adoE 中是无效的。
行 2819: 属性名 OLEDBFile 在 adoE 中是无效的。
行 2820: 属性名 DataSourceName 在 adoE 中是无效的。
行 2821: 属性名 OtherAttributes 在 adoE 中是无效的。
行 2822: 属性名 UserName 在 adoE 中是无效的。
行 2823: 属性名 Password 在 adoE 中是无效的。
行 2824: 属性名 RecordSource 在 adoE 中是无效的。
行 2825: 属性名 Caption 在 adoE 中是无效的。
行 2835: 属性名 _Version 在 adoE 中是无效的。
行 2843: 属性名 _ExtentX 在 adoF 中是无效的。
行 2844: 属性名 _ExtentY 在 adoF 中是无效的。
行 2845: 属性名 ConnectMode 在 adoF 中是无效的。
行 2846: 属性名 CursorLocation 在 adoF 中是无效的。
行 2847: 属性名 IsolationLevel 在 adoF 中是无效的。
行 2848: 属性名 ConnectionTimeout 在 adoF 中是无效的。
行 2849: 属性名 CommandTimeout 在 adoF 中是无效的。
行 2850: 属性名 CursorType 在 adoF 中是无效的。
行 2851: 属性名 LockType 在 adoF 中是无效的。
行 2852: 属性名 CommandType 在 adoF 中是无效的。
行 2853: 属性名 CursorOptions 在 adoF 中是无效的。
行 2854: 属性名 CacheSize 在 adoF 中是无效的。
行 2855: 属性名 MaxRecords 在 adoF 中是无效的。
行 2856: 属性名 BOFAction 在 adoF 中是无效的。
行 2857: 属性名 EOFAction 在 adoF 中是无效的。
行 2858: 属性名 ConnectStringType 在 adoF 中是无效的。
行 2862: 属性名 Orientation 在 adoF 中是无效的。
行 2864: 属性名 Connect 在 adoF 中是无效的。
行 2865: 属性名 OLEDBString 在 adoF 中是无效的。
行 2866: 属性名 OLEDBFile 在 adoF 中是无效的。
行 2867: 属性名 DataSourceName 在 adoF 中是无效的。
行 2868: 属性名 OtherAttributes 在 adoF 中是无效的。
行 2869: 属性名 UserName 在 adoF 中是无效的。
行 2870: 属性名 Password 在 adoF 中是无效的。
行 2871: 属性名 RecordSource 在 adoF 中是无效的。
行 2872: 属性名 Caption 在 adoF 中是无效的。
行 2882: 属性名 _Version 在 adoF 中是无效的。
行 2890: 属性名 _ExtentX 在 adoG 中是无效的。
行 2891: 属性名 _ExtentY 在 adoG 中是无效的。
行 2892: 属性名 ConnectMode 在 adoG 中是无效的。
行 2893: 属性名 CursorLocation 在 adoG 中是无效的。
行 2894: 属性名 IsolationLevel 在 adoG 中是无效的。
行 2895: 属性名 ConnectionTimeout 在 adoG 中是无效的。
行 2896: 属性名 CommandTimeout 在 adoG 中是无效的。
行 2897: 属性名 CursorType 在 adoG 中是无效的。
行 2898: 属性名 LockType 在 adoG 中是无效的。
行 2899: 属性名 CommandType 在 adoG 中是无效的。
行 2900: 属性名 CursorOptions 在 adoG 中是无效的。
行 2901: 属性名 CacheSize 在 adoG 中是无效的。
行 2902: 属性名 MaxRecords 在 adoG 中是无效的。
行 2903: 属性名 BOFAction 在 adoG 中是无效的。
行 2904: 属性名 EOFAction 在 adoG 中是无效的。
行 2905: 属性名 ConnectStringType 在 adoG 中是无效的。
行 2909: 属性名 Orientation 在 adoG 中是无效的。
行 2911: 属性名 Connect 在 adoG 中是无效的。
行 2912: 属性名 OLEDBString 在 adoG 中是无效的。
行 2913: 属性名 OLEDBFile 在 adoG 中是无效的。
行 2914: 属性名 DataSourceName 在 adoG 中是无效的。
行 2915: 属性名 OtherAttributes 在 adoG 中是无效的。
行 2916: 属性名 UserName 在 adoG 中是无效的。
行 2917: 属性名 Password 在 adoG 中是无效的。
行 2918: 属性名 RecordSource 在 adoG 中是无效的。
行 2919: 属性名 Caption 在 adoG 中是无效的。
行 2929: 属性名 _Version 在 adoG 中是无效的。
